#
# There is insufficient memory for the Java Runtime Environment to continue.
# Native memory allocation (malloc) failed to allocate 920736 bytes for Chunk::new
# Possible reasons:
#   The system is out of physical RAM or swap space
#   In 32 bit mode, the process size limit was hit
# Possible solutions:
#   Reduce memory load on the system
#   Increase physical memory or swap space
#   Check if swap backing store is full
#   Use 64 bit Java on a 64 bit OS
#   Decrease Java heap size (-Xmx/-Xms)
#   Decrease number of Java threads
#   Decrease Java thread stack sizes (-Xss)
#   Set larger code cache with -XX:ReservedCodeCacheSize=
# This output file may be truncated or incomplete.
#
#  Out of Memory Error (allocation.cpp:390), pid=15760, tid=0x0000000000002594
#
# JRE version: Java(TM) SE Runtime Environment (8.0_152-b16) (build 1.8.0_152-b16)
# Java VM: Java HotSpot(TM) 64-Bit Server VM (25.152-b16 mixed mode windows-amd64 compressed oops)
# Failed to write core dump. Minidumps are not enabled by default on client versions of Windows
#

---------------  T H R E A D  ---------------

Current thread (0x000000001a253000):  JavaThread "C2 CompilerThread1" daemon [_thread_in_native, id=9620, stack(0x000000001aa20000,0x000000001ab20000)]

Stack: [0x000000001aa20000,0x000000001ab20000]
[error occurred during error reporting (printing stack bounds), id 0xc0000005]

Native frames: (J=compiled Java code, j=interpreted, Vv=VM code, C=native code)


Current CompileTask:
C2:   9840 4035       4       org.springframework.asm.Frame::execute (2305 bytes)


---------------  P R O C E S S  ---------------

Java Threads: ( => current thread )
  0x000000001dc9b800 JavaThread "ForkJoinPool.commonPool-worker-7" daemon [_thread_blocked, id=12916, stack(0x00000000229c0000,0x0000000022ac0000)]
  0x000000001d7f4000 JavaThread "ForkJoinPool.commonPool-worker-6" daemon [_thread_blocked, id=14892, stack(0x00000000227c0000,0x00000000228c0000)]
  0x000000001d7f3800 JavaThread "ForkJoinPool.commonPool-worker-5" daemon [_thread_blocked, id=7328, stack(0x00000000226c0000,0x00000000227c0000)]
  0x000000001f24d000 JavaThread "ForkJoinPool.commonPool-worker-4" daemon [_thread_blocked, id=3844, stack(0x00000000225c0000,0x00000000226c0000)]
  0x000000001f24c000 JavaThread "ForkJoinPool.commonPool-worker-3" daemon [_thread_blocked, id=22400, stack(0x00000000224c0000,0x00000000225c0000)]
  0x000000001f24b800 JavaThread "ForkJoinPool.commonPool-worker-2" daemon [_thread_blocked, id=21068, stack(0x00000000223c0000,0x00000000224c0000)]
  0x000000001df04800 JavaThread "ForkJoinPool.commonPool-worker-1" daemon [_thread_blocked, id=19368, stack(0x00000000222c0000,0x00000000223c0000)]
  0x000000001ec91000 JavaThread "Abandoned connection cleanup thread" daemon [_thread_blocked, id=8676, stack(0x000000001fbd0000,0x000000001fcd0000)]
  0x000000001a506800 JavaThread "surefire-forkedjvm-ping-30s" daemon [_thread_blocked, id=22876, stack(0x000000001b020000,0x000000001b120000)]
  0x000000001a3ff000 JavaThread "surefire-forkedjvm-command-thread" daemon [_thread_in_native, id=7536, stack(0x000000001af20000,0x000000001b020000)]
  0x000000001a2e7000 JavaThread "Service Thread" daemon [_thread_blocked, id=1920, stack(0x000000001ad20000,0x000000001ae20000)]
  0x000000001a25b000 JavaThread "C1 CompilerThread3" daemon [_thread_blocked, id=14552, stack(0x000000001ac20000,0x000000001ad20000)]
  0x000000001a254800 JavaThread "C2 CompilerThread2" daemon [_thread_blocked, id=1700, stack(0x000000001ab20000,0x000000001ac20000)]
=>0x000000001a253000 JavaThread "C2 CompilerThread1" daemon [_thread_in_native, id=9620, stack(0x000000001aa20000,0x000000001ab20000)]
  0x000000001a24e000 JavaThread "C2 CompilerThread0" daemon [_thread_in_native, id=21204, stack(0x000000001a920000,0x000000001aa20000)]
  0x000000001a24c800 JavaThread "Attach Listener" daemon [_thread_blocked, id=14972, stack(0x000000001a820000,0x000000001a920000)]
  0x000000001a1f7800 JavaThread "Signal Dispatcher" daemon [_thread_blocked, id=14532, stack(0x000000001a720000,0x000000001a820000)]
  0x000000001a1e0800 JavaThread "Finalizer" daemon [_thread_blocked, id=12864, stack(0x000000001a5c0000,0x000000001a6c0000)]
  0x00000000182dd800 JavaThread "Reference Handler" daemon [_thread_blocked, id=22988, stack(0x000000001a0c0000,0x000000001a1c0000)]
  0x0000000003232800 JavaThread "main" [_thread_in_native, id=1752, stack(0x0000000003120000,0x0000000003220000)]

Other Threads:
  0x00000000182d9800 VMThread [stack: 0x0000000019fc0000,0x000000001a0c0000] [id=15196]
  0x000000001a2f9000 WatcherThread [stack: 0x000000001ae20000,0x000000001af20000] [id=20848]

VM state:not at safepoint (normal execution)

VM Mutex/Monitor currently owned by a thread: None

Heap:
 PSYoungGen      total 319488K, used 58309K [0x00000000d5f00000, 0x00000000eb300000, 0x0000000100000000)
  eden space 299008K, 19% used [0x00000000d5f00000,0x00000000d97f14c0,0x00000000e8300000)
  from space 20480K, 0% used [0x00000000e9f00000,0x00000000e9f00000,0x00000000eb300000)
  to   space 24576K, 0% used [0x00000000e8300000,0x00000000e8300000,0x00000000e9b00000)
 ParOldGen       total 98304K, used 23437K [0x0000000081c00000, 0x0000000087c00000, 0x00000000d5f00000)
  object space 98304K, 23% used [0x0000000081c00000,0x00000000832e35f8,0x0000000087c00000)
 Metaspace       used 37292K, capacity 39296K, committed 39424K, reserved 1083392K
  class space    used 4908K, capacity 5278K, committed 5376K, reserved 1048576K

Card table byte_map: [0x00000000126f0000,0x0000000012af0000] byte_map_base: 0x00000000122e2000

Marking Bits: (ParMarkBitMap*) 0x0000000077100860
 Begin Bits: [0x00000000135a0000, 0x0000000015530000)
 End Bits:   [0x0000000015530000, 0x00000000174c0000)

Polling page: 0x0000000002c80000

CodeCache: size=245760Kb used=12646Kb max_used=12646Kb free=233113Kb
 bounds [0x0000000003330000, 0x0000000003fa0000, 0x0000000012330000]
 total_blobs=4157 nmethods=3707 adapters=361
 compilation: enabled

Compilation events (10 events):
Event: 9.836 Thread 0x000000001a25b000 4229       1       org.springframework.cglib.core.AbstractClassGenerator::getStrategy (5 bytes)
Event: 9.836 Thread 0x000000001a25b000 nmethod 4229 0x0000000003f95250 code [0x0000000003f953a0, 0x0000000003f954b0]
Event: 9.836 Thread 0x000000001a25b000 4230       1       org.springframework.cglib.core.AbstractClassGenerator::getAttemptLoad (5 bytes)
Event: 9.837 Thread 0x000000001a25b000 nmethod 4230 0x0000000003f95510 code [0x0000000003f95660, 0x0000000003f95770]
Event: 9.837 Thread 0x000000001a25b000 4225       3       org.springframework.asm.MethodWriter::hasFrames (13 bytes)
Event: 9.837 Thread 0x000000001a25b000 nmethod 4225 0x0000000003f957d0 code [0x0000000003f95920, 0x0000000003f95ad0]
Event: 9.837 Thread 0x000000001a25b000 4218       3       java.util.LinkedList::isElementIndex (18 bytes)
Event: 9.837 Thread 0x000000001a25b000 nmethod 4218 0x0000000003f95b50 code [0x0000000003f95ca0, 0x0000000003f95e90]
Event: 9.838 Thread 0x000000001a25b000 4231       1       org.springframework.beans.factory.config.InstantiationAwareBeanPostProcessorAdapter::postProcessAfterInstantiation (2 bytes)
Event: 9.839 Thread 0x000000001a25b000 nmethod 4231 0x0000000003f95f10 code [0x0000000003f96060, 0x0000000003f96170]

GC Heap History (10 events):
Event: 4.545 GC heap before
{Heap before GC invocations=10 (full 1):
 PSYoungGen      total 179200K, used 179183K [0x00000000d5f00000, 0x00000000e4280000, 0x0000000100000000)
  eden space 170496K, 100% used [0x00000000d5f00000,0x00000000e0580000,0x00000000e0580000)
  from space 8704K, 99% used [0x00000000e1100000,0x00000000e197bd40,0x00000000e1980000)
  to   space 11776K, 0% used [0x00000000e0580000,0x00000000e0580000,0x00000000e1100000)
 ParOldGen       total 55808K, used 13362K [0x0000000081c00000, 0x0000000085280000, 0x00000000d5f00000)
  object space 55808K, 23% used [0x0000000081c00000,0x000000008290cb30,0x0000000085280000)
 Metaspace       used 25108K, capacity 26558K, committed 26752K, reserved 1073152K
  class space    used 3345K, capacity 3659K, committed 3712K, reserved 1048576K
Event: 4.564 GC heap after
Heap after GC invocations=10 (full 1):
 PSYoungGen      total 182272K, used 11745K [0x00000000d5f00000, 0x00000000e6500000, 0x0000000100000000)
  eden space 170496K, 0% used [0x00000000d5f00000,0x00000000d5f00000,0x00000000e0580000)
  from space 11776K, 99% used [0x00000000e0580000,0x00000000e10f87b8,0x00000000e1100000)
  to   space 18944K, 0% used [0x00000000e5280000,0x00000000e5280000,0x00000000e6500000)
 ParOldGen       total 55808K, used 27131K [0x0000000081c00000, 0x0000000085280000, 0x00000000d5f00000)
  object space 55808K, 48% used [0x0000000081c00000,0x000000008367ef48,0x0000000085280000)
 Metaspace       used 25108K, capacity 26558K, committed 26752K, reserved 1073152K
  class space    used 3345K, capacity 3659K, committed 3712K, reserved 1048576K
}
Event: 5.332 GC heap before
{Heap before GC invocations=11 (full 1):
 PSYoungGen      total 182272K, used 182241K [0x00000000d5f00000, 0x00000000e6500000, 0x0000000100000000)
  eden space 170496K, 100% used [0x00000000d5f00000,0x00000000e0580000,0x00000000e0580000)
  from space 11776K, 99% used [0x00000000e0580000,0x00000000e10f87b8,0x00000000e1100000)
  to   space 18944K, 0% used [0x00000000e5280000,0x00000000e5280000,0x00000000e6500000)
 ParOldGen       total 55808K, used 27131K [0x0000000081c00000, 0x0000000085280000, 0x00000000d5f00000)
  object space 55808K, 48% used [0x0000000081c00000,0x000000008367ef48,0x0000000085280000)
 Metaspace       used 25557K, capacity 27034K, committed 27264K, reserved 1073152K
  class space    used 3394K, capacity 3699K, committed 3712K, reserved 1048576K
Event: 5.352 GC heap after
Heap after GC invocations=11 (full 1):
 PSYoungGen      total 243712K, used 18943K [0x00000000d5f00000, 0x00000000e7200000, 0x0000000100000000)
  eden space 224768K, 0% used [0x00000000d5f00000,0x00000000d5f00000,0x00000000e3a80000)
  from space 18944K, 99% used [0x00000000e5280000,0x00000000e64fff18,0x00000000e6500000)
  to   space 24576K, 0% used [0x00000000e3a80000,0x00000000e3a80000,0x00000000e5280000)
 ParOldGen       total 55808K, used 36039K [0x0000000081c00000, 0x0000000085280000, 0x00000000d5f00000)
  object space 55808K, 64% used [0x0000000081c00000,0x0000000083f31e78,0x0000000085280000)
 Metaspace       used 25557K, capacity 27034K, committed 27264K, reserved 1073152K
  class space    used 3394K, capacity 3699K, committed 3712K, reserved 1048576K
}
Event: 6.993 GC heap before
{Heap before GC invocations=12 (full 1):
 PSYoungGen      total 243712K, used 243711K [0x00000000d5f00000, 0x00000000e7200000, 0x0000000100000000)
  eden space 224768K, 100% used [0x00000000d5f00000,0x00000000e3a80000,0x00000000e3a80000)
  from space 18944K, 99% used [0x00000000e5280000,0x00000000e64fff18,0x00000000e6500000)
  to   space 24576K, 0% used [0x00000000e3a80000,0x00000000e3a80000,0x00000000e5280000)
 ParOldGen       total 55808K, used 36039K [0x0000000081c00000, 0x0000000085280000, 0x00000000d5f00000)
  object space 55808K, 64% used [0x0000000081c00000,0x0000000083f31e78,0x0000000085280000)
 Metaspace       used 28581K, capacity 30270K, committed 30592K, reserved 1075200K
  class space    used 3817K, capacity 4149K, committed 4224K, reserved 1048576K
Event: 7.011 GC heap after
Heap after GC invocations=12 (full 1):
 PSYoungGen      total 249344K, used 15370K [0x00000000d5f00000, 0x00000000eb780000, 0x0000000100000000)
  eden space 224768K, 0% used [0x00000000d5f00000,0x00000000d5f00000,0x00000000e3a80000)
  from space 24576K, 62% used [0x00000000e3a80000,0x00000000e4982b00,0x00000000e5280000)
  to   space 25088K, 0% used [0x00000000e9f00000,0x00000000e9f00000,0x00000000eb780000)
 ParOldGen       total 55808K, used 40191K [0x0000000081c00000, 0x0000000085280000, 0x00000000d5f00000)
  object space 55808K, 72% used [0x0000000081c00000,0x000000008433fe88,0x0000000085280000)
 Metaspace       used 28581K, capacity 30270K, committed 30592K, reserved 1075200K
  class space    used 3817K, capacity 4149K, committed 4224K, reserved 1048576K
}
Event: 7.716 GC heap before
{Heap before GC invocations=13 (full 1):
 PSYoungGen      total 249344K, used 86449K [0x00000000d5f00000, 0x00000000eb780000, 0x0000000100000000)
  eden space 224768K, 31% used [0x00000000d5f00000,0x00000000da4699e8,0x00000000e3a80000)
  from space 24576K, 62% used [0x00000000e3a80000,0x00000000e4982b00,0x00000000e5280000)
  to   space 25088K, 0% used [0x00000000e9f00000,0x00000000e9f00000,0x00000000eb780000)
 ParOldGen       total 55808K, used 40191K [0x0000000081c00000, 0x0000000085280000, 0x00000000d5f00000)
  object space 55808K, 72% used [0x0000000081c00000,0x000000008433fe88,0x0000000085280000)
 Metaspace       used 33567K, capacity 35456K, committed 35496K, reserved 1079296K
  class space    used 4461K, capacity 4824K, committed 4864K, reserved 1048576K
Event: 7.724 GC heap after
Heap after GC invocations=13 (full 1):
 PSYoungGen      total 319488K, used 5866K [0x00000000d5f00000, 0x00000000eb300000, 0x0000000100000000)
  eden space 299008K, 0% used [0x00000000d5f00000,0x00000000d5f00000,0x00000000e8300000)
  from space 20480K, 28% used [0x00000000e9f00000,0x00000000ea4ba9c8,0x00000000eb300000)
  to   space 24576K, 0% used [0x00000000e8300000,0x00000000e8300000,0x00000000e9b00000)
 ParOldGen       total 55808K, used 42483K [0x0000000081c00000, 0x0000000085280000, 0x00000000d5f00000)
  object space 55808K, 76% used [0x0000000081c00000,0x000000008457ce98,0x0000000085280000)
 Metaspace       used 33567K, capacity 35456K, committed 35496K, reserved 1079296K
  class space    used 4461K, capacity 4824K, committed 4864K, reserved 1048576K
}
Event: 7.724 GC heap before
{Heap before GC invocations=14 (full 2):
 PSYoungGen      total 319488K, used 5866K [0x00000000d5f00000, 0x00000000eb300000, 0x0000000100000000)
  eden space 299008K, 0% used [0x00000000d5f00000,0x00000000d5f00000,0x00000000e8300000)
  from space 20480K, 28% used [0x00000000e9f00000,0x00000000ea4ba9c8,0x00000000eb300000)
  to   space 24576K, 0% used [0x00000000e8300000,0x00000000e8300000,0x00000000e9b00000)
 ParOldGen       total 55808K, used 42483K [0x0000000081c00000, 0x0000000085280000, 0x00000000d5f00000)
  object space 55808K, 76% used [0x0000000081c00000,0x000000008457ce98,0x0000000085280000)
 Metaspace       used 33567K, capacity 35456K, committed 35496K, reserved 1079296K
  class space    used 4461K, capacity 4824K, committed 4864K, reserved 1048576K
Event: 7.784 GC heap after
Heap after GC invocations=14 (full 2):
 PSYoungGen      total 319488K, used 0K [0x00000000d5f00000, 0x00000000eb300000, 0x0000000100000000)
  eden space 299008K, 0% used [0x00000000d5f00000,0x00000000d5f00000,0x00000000e8300000)
  from space 20480K, 0% used [0x00000000e9f00000,0x00000000e9f00000,0x00000000eb300000)
  to   space 24576K, 0% used [0x00000000e8300000,0x00000000e8300000,0x00000000e9b00000)
 ParOldGen       total 98304K, used 23437K [0x0000000081c00000, 0x0000000087c00000, 0x00000000d5f00000)
  object space 98304K, 23% used [0x0000000081c00000,0x00000000832e35f8,0x0000000087c00000)
 Metaspace       used 33567K, capacity 35456K, committed 35496K, reserved 1079296K
  class space    used 4461K, capacity 4824K, committed 4864K, reserved 1048576K
}

Deoptimization events (10 events):
Event: 9.627 Thread 0x0000000003232800 Uncommon trap: reason=speculate_class_check action=maybe_recompile pc=0x0000000003afcf18 method=java.nio.charset.CharsetEncoder.replaceWith([B)Ljava/nio/charset/CharsetEncoder; @ 53
Event: 9.631 Thread 0x0000000003232800 Uncommon trap: reason=speculate_class_check action=maybe_recompile pc=0x0000000003afcf18 method=java.nio.charset.CharsetEncoder.replaceWith([B)Ljava/nio/charset/CharsetEncoder; @ 53
Event: 9.663 Thread 0x0000000003232800 Uncommon trap: reason=unstable_if action=reinterpret pc=0x0000000003764e64 method=jdk.internal.org.objectweb.asm.Item.isEqualTo(Ljdk/internal/org/objectweb/asm/Item;)Z @ 331
Event: 9.702 Thread 0x0000000003232800 Uncommon trap: reason=unstable_if action=reinterpret pc=0x0000000003abf130 method=java.util.LinkedList$ListItr.<init>(Ljava/util/LinkedList;I)V @ 26
Event: 9.725 Thread 0x0000000003232800 Uncommon trap: reason=unstable_if action=reinterpret pc=0x0000000003e7efec method=org.springframework.asm.Frame.merge(Lorg/springframework/asm/SymbolTable;I[II)Z @ 22
Event: 9.742 Thread 0x0000000003232800 Uncommon trap: reason=unstable_if action=reinterpret pc=0x0000000003dd2c40 method=org.springframework.aop.framework.autoproxy.AbstractAutoProxyCreator.predictBeanType(Ljava/lang/Class;Ljava/lang/String;)Ljava/lang/Class; @ 9
Event: 9.763 Thread 0x0000000003232800 Uncommon trap: reason=bimorphic action=maybe_recompile pc=0x0000000003cf2888 method=java.util.HashMap.putVal(ILjava/lang/Object;Ljava/lang/Object;ZZ)Ljava/lang/Object; @ 253
Event: 9.766 Thread 0x0000000003232800 Uncommon trap: reason=bimorphic action=maybe_recompile pc=0x0000000003cf2888 method=java.util.HashMap.putVal(ILjava/lang/Object;Ljava/lang/Object;ZZ)Ljava/lang/Object; @ 253
Event: 9.768 Thread 0x0000000003232800 Uncommon trap: reason=bimorphic action=maybe_recompile pc=0x0000000003b2d6d8 method=java.util.HashMap.putVal(ILjava/lang/Object;Ljava/lang/Object;ZZ)Ljava/lang/Object; @ 253
Event: 9.816 Thread 0x0000000003232800 Uncommon trap: reason=class_check action=maybe_recompile pc=0x0000000003d5c9a0 method=org.springframework.core.ResolvableType.calculateHashCode()I @ 23

Classes redefined (0 events):
No events

Internal exceptions (10 events):
Event: 9.483 Thread 0x0000000003232800 Exception <a 'java/lang/ClassNotFoundException': org/springframework/beans/factory/DisposableBeanCustomizer> (0x00000000d616aa98) thrown at [C:\re\workspace\8-2-build-windows-amd64-cygwin\jdk8u152\9742\hotspot\src\share\vm\classfile\systemDictionary.cpp, 
Event: 9.532 Thread 0x0000000003232800 Implicit null exception at 0x0000000003570c99 to 0x0000000003571059
Event: 9.740 Thread 0x0000000003232800 Exception <a 'java/lang/ClassNotFoundException': java/lang/ObjectCustomizer> (0x00000000d865e098) thrown at [C:\re\workspace\8-2-build-windows-amd64-cygwin\jdk8u152\9742\hotspot\src\share\vm\classfile\systemDictionary.cpp, line 210]
Event: 9.741 Thread 0x0000000003232800 Exception <a 'java/lang/ClassNotFoundException': com/controller/TFileInfoControllerCustomizer> (0x00000000d867d590) thrown at [C:\re\workspace\8-2-build-windows-amd64-cygwin\jdk8u152\9742\hotspot\src\share\vm\classfile\systemDictionary.cpp, line 210]
Event: 9.747 Thread 0x0000000003232800 Exception <a 'java/lang/ClassNotFoundException': java/lang/ObjectCustomizer> (0x00000000d86daaa8) thrown at [C:\re\workspace\8-2-build-windows-amd64-cygwin\jdk8u152\9742\hotspot\src\share\vm\classfile\systemDictionary.cpp, line 210]
Event: 9.748 Thread 0x0000000003232800 Exception <a 'java/lang/ClassNotFoundException': com/baomidou/mybatisplus/extension/service/impl/ServiceImplCustomizer> (0x00000000d8703d80) thrown at [C:\re\workspace\8-2-build-windows-amd64-cygwin\jdk8u152\9742\hotspot\src\share\vm\classfile\systemDicti
Event: 9.749 Thread 0x0000000003232800 Exception <a 'java/lang/ClassNotFoundException': com/service/TFileInfoServiceCustomizer> (0x00000000d872a700) thrown at [C:\re\workspace\8-2-build-windows-amd64-cygwin\jdk8u152\9742\hotspot\src\share\vm\classfile\systemDictionary.cpp, line 210]
Event: 9.751 Thread 0x0000000003232800 Exception <a 'java/lang/ClassNotFoundException': com/baomidou/mybatisplus/extension/service/IServiceCustomizer> (0x00000000d875b008) thrown at [C:\re\workspace\8-2-build-windows-amd64-cygwin\jdk8u152\9742\hotspot\src\share\vm\classfile\systemDictionary.cp
Event: 9.836 Thread 0x0000000003232800 Exception <a 'java/lang/ClassNotFoundException': java/lang/ObjectCustomizer> (0x00000000d9319ed0) thrown at [C:\re\workspace\8-2-build-windows-amd64-cygwin\jdk8u152\9742\hotspot\src\share\vm\classfile\systemDictionary.cpp, line 210]
Event: 9.837 Thread 0x0000000003232800 Exception <a 'java/lang/ClassNotFoundException': com/controller/UploadFileControllerCustomizer> (0x00000000d9339c08) thrown at [C:\re\workspace\8-2-build-windows-amd64-cygwin\jdk8u152\9742\hotspot\src\share\vm\classfile\systemDictionary.cpp, line 210]

Events (10 events):
Event: 9.836 loading class java/lang/ObjectCustomizer
Event: 9.836 loading class java/lang/ObjectCustomizer done
Event: 9.836 loading class com/controller/UploadFileControllerCustomizer
Event: 9.836 loading class com/controller/UploadFileControllerCustomizer done
Event: 9.836 loading class com/controller/UploadFileControllerCustomizer
Event: 9.836 loading class com/controller/UploadFileControllerCustomizer done
Event: 9.837 loading class com/controller/UploadFileControllerCustomizer
Event: 9.837 loading class com/controller/UploadFileControllerCustomizer done
Event: 9.839 loading class java/lang/ObjectCustomizer
Event: 9.839 loading class java/lang/ObjectCustomizer done


Dynamic libraries:
0x00007ff70d360000 - 0x00007ff70d397000 	C:\Program Files\Java\jdk1.8.0_152\jre\bin\java.exe
0x00007fffacdf0000 - 0x00007fffacfe6000 	C:\windows\SYSTEM32\ntdll.dll
0x00007fffaccf0000 - 0x00007fffacdad000 	C:\windows\System32\KERNEL32.DLL
0x00007fffaa560000 - 0x00007fffaa829000 	C:\windows\System32\KERNELBASE.dll
0x00007fffaae50000 - 0x00007fffaaefc000 	C:\windows\System32\ADVAPI32.dll
0x00007fffab820000 - 0x00007fffab8be000 	C:\windows\System32\msvcrt.dll
0x00007fffac470000 - 0x00007fffac50c000 	C:\windows\System32\sechost.dll
0x00007fffacbc0000 - 0x00007fffacceb000 	C:\windows\System32\RPCRT4.dll
0x00007fffab620000 - 0x00007fffab7c0000 	C:\windows\System32\USER32.dll
0x00007fffaa530000 - 0x00007fffaa552000 	C:\windows\System32\win32u.dll
0x00007fffac440000 - 0x00007fffac46a000 	C:\windows\System32\GDI32.dll
0x00007fffaab10000 - 0x00007fffaac19000 	C:\windows\System32\gdi32full.dll
0x00007fffaa990000 - 0x00007fffaaa2d000 	C:\windows\System32\msvcp_win.dll
0x00007fffaad00000 - 0x00007fffaae00000 	C:\windows\System32\ucrtbase.dll
0x00007fff98840000 - 0x00007fff98adb000 	C:\windows\WinSxS\amd64_microsoft.windows.common-controls_6595b64144ccf1df_6.0.19041.488_none_ca04af081b815d21\COMCTL32.dll
0x00007fffab040000 - 0x00007fffab070000 	C:\windows\System32\IMM32.DLL
0x0000000050430000 - 0x0000000050502000 	C:\Program Files\Java\jdk1.8.0_152\jre\bin\msvcr100.dll
0x00000000768e0000 - 0x0000000077180000 	C:\Program Files\Java\jdk1.8.0_152\jre\bin\server\jvm.dll
0x00007fffaaf00000 - 0x00007fffaaf08000 	C:\windows\System32\PSAPI.DLL
0x00007fffa5dd0000 - 0x00007fffa5dd9000 	C:\windows\SYSTEM32\WSOCK32.dll
0x00007fffac210000 - 0x00007fffac27b000 	C:\windows\System32\WS2_32.dll
0x00007fffaa0e0000 - 0x00007fffaa0ea000 	C:\windows\SYSTEM32\VERSION.dll
0x00007fff9c190000 - 0x00007fff9c1b7000 	C:\windows\SYSTEM32\WINMM.dll
0x0000000050420000 - 0x000000005042f000 	C:\Program Files\Java\jdk1.8.0_152\jre\bin\verify.dll
0x00000000503f0000 - 0x0000000050419000 	C:\Program Files\Java\jdk1.8.0_152\jre\bin\java.dll
0x00000000503d0000 - 0x00000000503e6000 	C:\Program Files\Java\jdk1.8.0_152\jre\bin\zip.dll
0x00007fffab9e0000 - 0x00007fffac122000 	C:\windows\System32\SHELL32.dll
0x00007fffa8610000 - 0x00007fffa8da5000 	C:\windows\SYSTEM32\windows.storage.dll
0x00007fffac5f0000 - 0x00007fffac946000 	C:\windows\System32\combase.dll
0x00007fffa9f30000 - 0x00007fffa9f5c000 	C:\windows\SYSTEM32\Wldp.dll
0x00007fffac960000 - 0x00007fffaca0e000 	C:\windows\System32\SHCORE.dll
0x00007fffab7c0000 - 0x00007fffab815000 	C:\windows\System32\shlwapi.dll
0x00007fffaa460000 - 0x00007fffaa486000 	C:\windows\SYSTEM32\profapi.dll
0x0000000050370000 - 0x000000005037d000 	C:\Program Files\Java\jdk1.8.0_152\jre\bin\management.dll
0x0000000050380000 - 0x000000005039a000 	C:\Program Files\Java\jdk1.8.0_152\jre\bin\net.dll
0x00007fffa9cb0000 - 0x00007fffa9d1a000 	C:\windows\system32\mswsock.dll
0x0000000050350000 - 0x0000000050361000 	C:\Program Files\Java\jdk1.8.0_152\jre\bin\nio.dll
0x00007fff92ce0000 - 0x00007fff92cf7000 	C:\windows\system32\napinsp.dll
0x00007fff92c60000 - 0x00007fff92c7b000 	C:\windows\system32\pnrpnsp.dll
0x00007fffa4d30000 - 0x00007fffa4d45000 	C:\windows\system32\wshbth.dll
0x00007fffa5ca0000 - 0x00007fffa5cbd000 	C:\windows\system32\NLAapi.dll
0x00007fffa9950000 - 0x00007fffa998b000 	C:\windows\SYSTEM32\IPHLPAPI.DLL
0x00007fffa99a0000 - 0x00007fffa9a6b000 	C:\windows\SYSTEM32\DNSAPI.dll
0x00007fffac950000 - 0x00007fffac958000 	C:\windows\System32\NSI.dll
0x00007fff92c40000 - 0x00007fff92c52000 	C:\windows\System32\winrnr.dll
0x00007fff9a530000 - 0x00007fff9a53a000 	C:\Windows\System32\rasadhlp.dll
0x00007fff9a2b0000 - 0x00007fff9a32f000 	C:\windows\System32\fwpuclnt.dll
0x00007fffaaae0000 - 0x00007fffaab07000 	C:\windows\System32\bcrypt.dll
0x00007fff9d5d0000 - 0x00007fff9d5e7000 	C:\windows\SYSTEM32\dhcpcsvc6.DLL
0x00007fff9d5b0000 - 0x00007fff9d5cd000 	C:\windows\SYSTEM32\dhcpcsvc.DLL

VM Arguments:
java_command: C:\Users\ADMINI~1\AppData\Local\Temp\surefire6293706932031298460\surefirebooter3740119322264182527.jar C:\Users\Administrator\AppData\Local\Temp\surefire6293706932031298460 2021-01-13T10-59-52_222-jvmRun1 surefire2875670554413567186tmp surefire_07866589081093794538tmp
java_class_path (initial): C:\Users\ADMINI~1\AppData\Local\Temp\surefire6293706932031298460\surefirebooter3740119322264182527.jar
Launcher Type: SUN_STANDARD

Environment Variables:
JAVA_HOME=C:\Program Files\Java\jdk1.8.0_152
CLASSPATH=,;C:\Program Files\Java\jdk1.8.0_152\lib;
PATH=C:\Program Files (x86)\Common Files\NetSarang;E:\soft\app\oracle\product\10.2.0\server\bin;C:\Program Files (x86)\Common Files\Oracle\Java\javapath;C:\ProgramData\Oracle\Java\javapath;C:\windows\system32;C:\windows;C:\windows\System32\Wbem;C:\windows\System32\WindowsPowerShell\v1.0\;C:\windows\System32\OpenSSH\;%JAVE_HOME%\bin;D:\maven\apache-maven-3.6.3\bin;C:\Program Files\MySQL\MySQL Server 5.5\bin;C:\Program Files\nodejs\node_globa;E:\Program Files (x86)\Git\cmd;C:\Program Files\nodejs\;%ERLANG_HOME%\bin;C:\soft\rabbitmq_server-3.7.5\sbin;C:\Program Files\TortoiseSVN\bin;E:\soft\redis\;C:\Program Files (x86)\Yozosoft\Yozo_Office\Lib\xuggler\bin;E:\soft\TortoiseGit\bin;C:\Users\Administrator\AppData\Local\Microsoft\WindowsApps;C:\Program Files\Bandizip\;C:\Users\Administrator\AppData\Roaming\npm
USERNAME=Administrator
OS=Windows_NT
PROCESSOR_IDENTIFIER=Intel64 Family 6 Model 142 Stepping 10, GenuineIntel



---------------  S Y S T E M  ---------------

OS: Windows 10.0 , 64 bit Build 19041 (10.0.19041.662)

CPU:total 8 (initial active 8) (4 cores per cpu, 2 threads per core) family 6 model 142 stepping 10, cmov, cx8, fxsr, mmx, sse, sse2, sse3, ssse3, sse4.1, sse4.2, popcnt, avx, avx2, aes, clmul, erms, 3dnowpref, lzcnt, ht, tsc, tscinvbit, bmi1, bmi2, adx

Memory: 4k page, physical 8269924k(1144672k free), swap 26572556k(5424k free)

vm_info: Java HotSpot(TM) 64-Bit Server VM (25.152-b16) for windows-amd64 JRE (1.8.0_152-b16), built on Sep 14 2017 02:29:36 by "java_re" with MS VC++ 10.0 (VS2010)

time: Wed Jan 13 11:00:03 2021
elapsed time: 9 seconds (0d 0h 0m 9s)

